# JRE version: Java(TM) SE Runtime Environment (17.0.6+9) (build 17.0.6+9-LTS-190)
# Java VM: Java HotSpot(TM) 64-Bit Server VM (17.0.6+9-LTS-190, mixed mode, sharing, tiered, compressed oops, compressed class ptrs, g1 gc, windows-amd64)
GC Precious Log:
 CPUs: 2 total, 2 available
 Memory: 4062M
 Large Page Support: Disabled
 NUMA Support: Disabled
 Compressed Oops: Enabled (32-bit)
 Heap Region Size: 1M
 Heap Min Capacity: 8M
 Heap Initial Capacity: 64M
 Heap Max Capacity: 1016M
 Pre-touch: Disabled
 Parallel Workers: 2
 Concurrent Workers: 1
 Concurrent Refinement Workers: 2
 Periodic GC: Disabled
Heap:
 garbage-first heap   total 48128K, used 18027K [0x00000000c0800000, 0x0000000100000000)
  region size 1024K, 5 young (5120K), 3 survivors (3072K)
 Metaspace       used 35918K, committed 36288K, reserved 1081344K
  class space    used 4671K, committed 4864K, reserved 1048576K
GC Heap History (20 events):
Event: 12.518 GC heap before
{Heap before GC invocations=0 (full 0):
 garbage-first heap   total 65536K, used 6144K [0x00000000c0800000, 0x0000000100000000)
  region size 1024K, 6 young (6144K), 0 survivors (0K)
 Metaspace       used 757K, committed 896K, reserved 1056768K
  class space    used 39K, committed 128K, reserved 1048576K
}
Event: 14.171 GC heap after
{Heap after GC invocations=1 (full 0):
 garbage-first heap   total 65536K, used 4791K [0x00000000c0800000, 0x0000000100000000)
  region size 1024K, 1 young (1024K), 1 survivors (1024K)
 Metaspace       used 757K, committed 896K, reserved 1056768K
  class space    used 39K, committed 128K, reserved 1048576K
}
Event: 20.961 GC heap before
{Heap before GC invocations=1 (full 0):
 garbage-first heap   total 65536K, used 7863K [0x00000000c0800000, 0x0000000100000000)
  region size 1024K, 4 young (4096K), 1 survivors (1024K)
 Metaspace       used 2241K, committed 2304K, reserved 1056768K
  class space    used 212K, committed 256K, reserved 1048576K
}
Event: 20.967 GC heap after
{Heap after GC invocations=2 (full 0):
 garbage-first heap   total 65536K, used 5578K [0x00000000c0800000, 0x0000000100000000)
  region size 1024K, 1 young (1024K), 1 survivors (1024K)
 Metaspace       used 2241K, committed 2304K, reserved 1056768K
  class space    used 212K, committed 256K, reserved 1048576K
}
Event: 31.052 GC heap before
{Heap before GC invocations=2 (full 0):
 garbage-first heap   total 65536K, used 12746K [0x00000000c0800000, 0x0000000100000000)
  region size 1024K, 8 young (8192K), 1 survivors (1024K)
 Metaspace       used 4660K, committed 4864K, reserved 1056768K
  class space    used 531K, committed 640K, reserved 1048576K
}
Event: 31.059 GC heap after
{Heap after GC invocations=3 (full 0):
 garbage-first heap   total 65536K, used 6188K [0x00000000c0800000, 0x0000000100000000)
  region size 1024K, 1 young (1024K), 1 survivors (1024K)
 Metaspace       used 4660K, committed 4864K, reserved 1056768K
  class space    used 531K, committed 640K, reserved 1048576K
}
Event: 47.463 GC heap before
{Heap before GC invocations=3 (full 0):
 garbage-first heap   total 65536K, used 37932K [0x00000000c0800000, 0x0000000100000000)
  region size 1024K, 33 young (33792K), 1 survivors (1024K)
 Metaspace       used 13105K, committed 13376K, reserved 1064960K
  class space    used 1593K, committed 1728K, reserved 1048576K
}
Event: 47.480 GC heap after
{Heap after GC invocations=4 (full 0):
 garbage-first heap   total 65536K, used 8565K [0x00000000c0800000, 0x0000000100000000)
  region size 1024K, 3 young (3072K), 3 survivors (3072K)
 Metaspace       used 13105K, committed 13376K, reserved 1064960K
  class space    used 1593K, committed 1728K, reserved 1048576K
}
Event: 66.784 GC heap before
{Heap before GC invocations=4 (full 0):
 garbage-first heap   total 65536K, used 41333K [0x00000000c0800000, 0x0000000100000000)
  region size 1024K, 35 young (35840K), 3 survivors (3072K)
 Metaspace       used 18239K, committed 18432K, reserved 1064960K
  class space    used 2226K, committed 2304K, reserved 1048576K
}
Event: 66.810 GC heap after
{Heap after GC invocations=5 (full 0):
 garbage-first heap   total 65536K, used 11194K [0x00000000c0800000, 0x0000000100000000)
  region size 1024K, 5 young (5120K), 5 survivors (5120K)
 Metaspace       used 18239K, committed 18432K, reserved 1064960K
  class space    used 2226K, committed 2304K, reserved 1048576K
}
Event: 74.145 GC heap before
{Heap before GC invocations=5 (full 0):
 garbage-first heap   total 65536K, used 28602K [0x00000000c0800000, 0x0000000100000000)
  region size 1024K, 23 young (23552K), 5 survivors (5120K)
 Metaspace       used 21215K, committed 21504K, reserved 1073152K
  class space    used 2658K, committed 2816K, reserved 1048576K
}
Event: 74.173 GC heap after
{Heap after GC invocations=6 (full 0):
 garbage-first heap   total 65536K, used 13010K [0x00000000c0800000, 0x0000000100000000)
  region size 1024K, 5 young (5120K), 5 survivors (5120K)
 Metaspace       used 21215K, committed 21504K, reserved 1073152K
  class space    used 2658K, committed 2816K, reserved 1048576K
}
Event: 85.085 GC heap before
{Heap before GC invocations=7 (full 0):
 garbage-first heap   total 48128K, used 36562K [0x00000000c0800000, 0x0000000100000000)
  region size 1024K, 28 young (28672K), 5 survivors (5120K)
 Metaspace       used 26789K, committed 27200K, reserved 1073152K
  class space    used 3404K, committed 3584K, reserved 1048576K
}
Event: 85.120 GC heap after
{Heap after GC invocations=8 (full 0):
 garbage-first heap   total 48128K, used 15659K [0x00000000c0800000, 0x0000000100000000)
  region size 1024K, 4 young (4096K), 4 survivors (4096K)
 Metaspace       used 26789K, committed 27200K, reserved 1073152K
  class space    used 3404K, committed 3584K, reserved 1048576K
}
Event: 85.334 GC heap before
{Heap before GC invocations=8 (full 0):
 garbage-first heap   total 48128K, used 16683K [0x00000000c0800000, 0x0000000100000000)
  region size 1024K, 5 young (5120K), 4 survivors (4096K)
 Metaspace       used 27024K, committed 27456K, reserved 1073152K
  class space    used 3432K, committed 3648K, reserved 1048576K
}
Event: 85.359 GC heap after
{Heap after GC invocations=9 (full 0):
 garbage-first heap   total 48128K, used 16679K [0x00000000c0800000, 0x0000000100000000)
  region size 1024K, 1 young (1024K), 1 survivors (1024K)
 Metaspace       used 27024K, committed 27456K, reserved 1073152K
  class space    used 3432K, committed 3648K, reserved 1048576K
}
Event: 100.096 GC heap before
{Heap before GC invocations=9 (full 0):
 garbage-first heap   total 48128K, used 35111K [0x00000000c0800000, 0x0000000100000000)
  region size 1024K, 19 young (19456K), 1 survivors (1024K)
 Metaspace       used 30990K, committed 31424K, reserved 1081344K
  class space    used 4008K, committed 4224K, reserved 1048576K
}
Event: 100.103 GC heap after
{Heap after GC invocations=10 (full 0):
 garbage-first heap   total 48128K, used 16887K [0x00000000c0800000, 0x0000000100000000)
  region size 1024K, 1 young (1024K), 1 survivors (1024K)
 Metaspace       used 30990K, committed 31424K, reserved 1081344K
  class space    used 4008K, committed 4224K, reserved 1048576K
}
Event: 103.298 GC heap before
{Heap before GC invocations=10 (full 0):
 garbage-first heap   total 48128K, used 32247K [0x00000000c0800000, 0x0000000100000000)
  region size 1024K, 17 young (17408K), 1 survivors (1024K)
 Metaspace       used 35532K, committed 35968K, reserved 1081344K
  class space    used 4627K, committed 4864K, reserved 1048576K
}
Event: 103.309 GC heap after
{Heap after GC invocations=11 (full 0):
 garbage-first heap   total 48128K, used 18027K [0x00000000c0800000, 0x0000000100000000)
  region size 1024K, 3 young (3072K), 3 survivors (3072K)
 Metaspace       used 35532K, committed 35968K, reserved 1081344K
  class space    used 4627K, committed 4864K, reserved 1048576K
}

