# JRE version: OpenJDK Runtime Environment Temurin-17.0.9+9 (17.0.9+9) (build 17.0.9+9)
# Java VM: OpenJDK 64-Bit Server VM Temurin-17.0.9+9 (17.0.9+9, mixed mode, tiered, compressed oops, compressed class ptrs, parallel gc, windows-amd64)
GC Precious Log:
 CPUs: 2 total, 2 available
 Memory: 4062M
 Large Page Support: Disabled
 NUMA Support: Disabled
 Compressed Oops: Enabled (32-bit)
 Alignments: Space 512K, Generation 512K, Heap 2M
 Heap Min Capacity: 100M
 Heap Initial Capacity: 100M
 Heap Max Capacity: 1G
 Pre-touch: Disabled
 Parallel Workers: 2
Heap:
 PSYoungGen      total 20480K, used 7927K [0x00000000eab00000, 0x00000000ecd80000, 0x0000000100000000)
  eden space 12288K, 0% used [0x00000000eab00000,0x00000000eab00000,0x00000000eb700000)
  from space 8192K, 96% used [0x00000000eb700000,0x00000000ebebde80,0x00000000ebf00000)
  to   space 10752K, 0% used [0x00000000ec300000,0x00000000ec300000,0x00000000ecd80000)
 ParOldGen       total 105472K, used 94788K [0x00000000c0000000, 0x00000000c6700000, 0x00000000eab00000)
  object space 105472K, 89% used [0x00000000c0000000,0x00000000c5c91168,0x00000000c6700000)
 Metaspace       used 74870K, committed 76160K, reserved 1179648K
  class space    used 7955K, committed 8512K, reserved 1048576K
GC Heap History (20 events):
Event: 136.919 GC heap after
{Heap after GC invocations=44 (full 3):
 PSYoungGen      total 19456K, used 2039K [0x00000000eab00000, 0x00000000ec400000, 0x0000000100000000)
  eden space 17408K, 0% used [0x00000000eab00000,0x00000000eab00000,0x00000000ebc00000)
  from space 2048K, 99% used [0x00000000ebc80000,0x00000000ebe7df68,0x00000000ebe80000)
  to   space 4096K, 0% used [0x00000000ec000000,0x00000000ec000000,0x00000000ec400000)
 ParOldGen       total 68608K, used 54010K [0x00000000c0000000, 0x00000000c4300000, 0x00000000eab00000)
  object space 68608K, 78% used [0x00000000c0000000,0x00000000c34be8e8,0x00000000c4300000)
 Metaspace       used 69192K, committed 70464K, reserved 1114112K
  class space    used 7466K, committed 8064K, reserved 1048576K
}
Event: 141.480 GC heap before
{Heap before GC invocations=45 (full 3):
 PSYoungGen      total 19456K, used 19447K [0x00000000eab00000, 0x00000000ec400000, 0x0000000100000000)
  eden space 17408K, 100% used [0x00000000eab00000,0x00000000ebc00000,0x00000000ebc00000)
  from space 2048K, 99% used [0x00000000ebc80000,0x00000000ebe7df68,0x00000000ebe80000)
  to   space 4096K, 0% used [0x00000000ec000000,0x00000000ec000000,0x00000000ec400000)
 ParOldGen       total 68608K, used 54010K [0x00000000c0000000, 0x00000000c4300000, 0x00000000eab00000)
  object space 68608K, 78% used [0x00000000c0000000,0x00000000c34be8e8,0x00000000c4300000)
 Metaspace       used 70474K, committed 71744K, reserved 1114112K
  class space    used 7573K, committed 8128K, reserved 1048576K
}
Event: 141.498 GC heap after
{Heap after GC invocations=45 (full 3):
 PSYoungGen      total 18944K, used 1156K [0x00000000eab00000, 0x00000000ec180000, 0x0000000100000000)
  eden space 17408K, 0% used [0x00000000eab00000,0x00000000eab00000,0x00000000ebc00000)
  from space 1536K, 75% used [0x00000000ec000000,0x00000000ec121270,0x00000000ec180000)
  to   space 2560K, 0% used [0x00000000ebc80000,0x00000000ebc80000,0x00000000ebf00000)
 ParOldGen       total 68608K, used 56049K [0x00000000c0000000, 0x00000000c4300000, 0x00000000eab00000)
  object space 68608K, 81% used [0x00000000c0000000,0x00000000c36bc448,0x00000000c4300000)
 Metaspace       used 70474K, committed 71744K, reserved 1114112K
  class space    used 7573K, committed 8128K, reserved 1048576K
}
Event: 144.101 GC heap before
{Heap before GC invocations=46 (full 3):
 PSYoungGen      total 18944K, used 18564K [0x00000000eab00000, 0x00000000ec180000, 0x0000000100000000)
  eden space 17408K, 100% used [0x00000000eab00000,0x00000000ebc00000,0x00000000ebc00000)
  from space 1536K, 75% used [0x00000000ec000000,0x00000000ec121270,0x00000000ec180000)
  to   space 2560K, 0% used [0x00000000ebc80000,0x00000000ebc80000,0x00000000ebf00000)
 ParOldGen       total 68608K, used 56049K [0x00000000c0000000, 0x00000000c4300000, 0x00000000eab00000)
  object space 68608K, 81% used [0x00000000c0000000,0x00000000c36bc448,0x00000000c4300000)
 Metaspace       used 71556K, committed 72896K, reserved 1114112K
  class space    used 7640K, committed 8256K, reserved 1048576K
}
Event: 144.115 GC heap after
{Heap after GC invocations=46 (full 3):
 PSYoungGen      total 19968K, used 2100K [0x00000000eab00000, 0x00000000ec100000, 0x0000000100000000)
  eden space 17408K, 0% used [0x00000000eab00000,0x00000000eab00000,0x00000000ebc00000)
  from space 2560K, 82% used [0x00000000ebc80000,0x00000000ebe8d108,0x00000000ebf00000)
  to   space 2048K, 0% used [0x00000000ebf00000,0x00000000ebf00000,0x00000000ec100000)
 ParOldGen       total 68608K, used 56977K [0x00000000c0000000, 0x00000000c4300000, 0x00000000eab00000)
  object space 68608K, 83% used [0x00000000c0000000,0x00000000c37a44c0,0x00000000c4300000)
 Metaspace       used 71556K, committed 72896K, reserved 1114112K
  class space    used 7640K, committed 8256K, reserved 1048576K
}
Event: 149.753 GC heap before
{Heap before GC invocations=47 (full 3):
 PSYoungGen      total 19968K, used 19508K [0x00000000eab00000, 0x00000000ec100000, 0x0000000100000000)
  eden space 17408K, 100% used [0x00000000eab00000,0x00000000ebc00000,0x00000000ebc00000)
  from space 2560K, 82% used [0x00000000ebc80000,0x00000000ebe8d108,0x00000000ebf00000)
  to   space 2048K, 0% used [0x00000000ebf00000,0x00000000ebf00000,0x00000000ec100000)
 ParOldGen       total 68608K, used 56977K [0x00000000c0000000, 0x00000000c4300000, 0x00000000eab00000)
  object space 68608K, 83% used [0x00000000c0000000,0x00000000c37a44c0,0x00000000c4300000)
 Metaspace       used 72095K, committed 73344K, reserved 1179648K
  class space    used 7680K, committed 8256K, reserved 1048576K
}
Event: 149.770 GC heap after
{Heap after GC invocations=47 (full 3):
 PSYoungGen      total 18944K, used 1376K [0x00000000eab00000, 0x00000000ec080000, 0x0000000100000000)
  eden space 17408K, 0% used [0x00000000eab00000,0x00000000eab00000,0x00000000ebc00000)
  from space 1536K, 89% used [0x00000000ebf00000,0x00000000ec058000,0x00000000ec080000)
  to   space 2048K, 0% used [0x00000000ebc80000,0x00000000ebc80000,0x00000000ebe80000)
 ParOldGen       total 68608K, used 58763K [0x00000000c0000000, 0x00000000c4300000, 0x00000000eab00000)
  object space 68608K, 85% used [0x00000000c0000000,0x00000000c3962f08,0x00000000c4300000)
 Metaspace       used 72095K, committed 73344K, reserved 1179648K
  class space    used 7680K, committed 8256K, reserved 1048576K
}
Event: 152.781 GC heap before
{Heap before GC invocations=48 (full 3):
 PSYoungGen      total 18944K, used 18775K [0x00000000eab00000, 0x00000000ec080000, 0x0000000100000000)
  eden space 17408K, 99% used [0x00000000eab00000,0x00000000ebbfdd88,0x00000000ebc00000)
  from space 1536K, 89% used [0x00000000ebf00000,0x00000000ec058000,0x00000000ec080000)
  to   space 2048K, 0% used [0x00000000ebc80000,0x00000000ebc80000,0x00000000ebe80000)
 ParOldGen       total 68608K, used 58763K [0x00000000c0000000, 0x00000000c4300000, 0x00000000eab00000)
  object space 68608K, 85% used [0x00000000c0000000,0x00000000c3962f08,0x00000000c4300000)
 Metaspace       used 74046K, committed 75328K, reserved 1179648K
  class space    used 7882K, committed 8448K, reserved 1048576K
}
Event: 152.798 GC heap after
{Heap after GC invocations=48 (full 3):
 PSYoungGen      total 19456K, used 1541K [0x00000000eab00000, 0x00000000ec000000, 0x0000000100000000)
  eden space 17408K, 0% used [0x00000000eab00000,0x00000000eab00000,0x00000000ebc00000)
  from space 2048K, 75% used [0x00000000ebc80000,0x00000000ebe016c0,0x00000000ebe80000)
  to   space 1536K, 0% used [0x00000000ebe80000,0x00000000ebe80000,0x00000000ec000000)
 ParOldGen       total 68608K, used 61844K [0x00000000c0000000, 0x00000000c4300000, 0x00000000eab00000)
  object space 68608K, 90% used [0x00000000c0000000,0x00000000c3c65328,0x00000000c4300000)
 Metaspace       used 74046K, committed 75328K, reserved 1179648K
  class space    used 7882K, committed 8448K, reserved 1048576K
}
Event: 153.866 GC heap before
{Heap before GC invocations=49 (full 3):
 PSYoungGen      total 19456K, used 18639K [0x00000000eab00000, 0x00000000ec000000, 0x0000000100000000)
  eden space 17408K, 98% used [0x00000000eab00000,0x00000000ebbb27b8,0x00000000ebc00000)
  from space 2048K, 75% used [0x00000000ebc80000,0x00000000ebe016c0,0x00000000ebe80000)
  to   space 1536K, 0% used [0x00000000ebe80000,0x00000000ebe80000,0x00000000ec000000)
 ParOldGen       total 68608K, used 61844K [0x00000000c0000000, 0x00000000c4300000, 0x00000000eab00000)
  object space 68608K, 90% used [0x00000000c0000000,0x00000000c3c65328,0x00000000c4300000)
 Metaspace       used 74449K, committed 75712K, reserved 1179648K
  class space    used 7912K, committed 8448K, reserved 1048576K
}
Event: 153.889 GC heap after
{Heap after GC invocations=49 (full 3):
 PSYoungGen      total 18432K, used 1008K [0x00000000eab00000, 0x00000000ebf80000, 0x0000000100000000)
  eden space 17408K, 0% used [0x00000000eab00000,0x00000000eab00000,0x00000000ebc00000)
  from space 1024K, 98% used [0x00000000ebe80000,0x00000000ebf7c150,0x00000000ebf80000)
  to   space 1536K, 0% used [0x00000000ebc80000,0x00000000ebc80000,0x00000000ebe00000)
 ParOldGen       total 70144K, used 69568K [0x00000000c0000000, 0x00000000c4480000, 0x00000000eab00000)
  object space 70144K, 99% used [0x00000000c0000000,0x00000000c43f00d8,0x00000000c4480000)
 Metaspace       used 74449K, committed 75712K, reserved 1179648K
  class space    used 7912K, committed 8448K, reserved 1048576K
}
Event: 153.889 GC heap before
{Heap before GC invocations=50 (full 4):
 PSYoungGen      total 18432K, used 1008K [0x00000000eab00000, 0x00000000ebf80000, 0x0000000100000000)
  eden space 17408K, 0% used [0x00000000eab00000,0x00000000eab00000,0x00000000ebc00000)
  from space 1024K, 98% used [0x00000000ebe80000,0x00000000ebf7c150,0x00000000ebf80000)
  to   space 1536K, 0% used [0x00000000ebc80000,0x00000000ebc80000,0x00000000ebe00000)
 ParOldGen       total 70144K, used 69568K [0x00000000c0000000, 0x00000000c4480000, 0x00000000eab00000)
  object space 70144K, 99% used [0x00000000c0000000,0x00000000c43f00d8,0x00000000c4480000)
 Metaspace       used 74449K, committed 75712K, reserved 1179648K
  class space    used 7912K, committed 8448K, reserved 1048576K
}
Event: 154.290 GC heap after
{Heap after GC invocations=50 (full 4):
 PSYoungGen      total 17920K, used 0K [0x00000000eab00000, 0x00000000ebf00000, 0x0000000100000000)
  eden space 17408K, 0% used [0x00000000eab00000,0x00000000eab00000,0x00000000ebc00000)
  from space 512K, 0% used [0x00000000ebc80000,0x00000000ebc80000,0x00000000ebd00000)
  to   space 1536K, 0% used [0x00000000ebd80000,0x00000000ebd80000,0x00000000ebf00000)
 ParOldGen       total 97792K, used 64030K [0x00000000c0000000, 0x00000000c5f80000, 0x00000000eab00000)
  object space 97792K, 65% used [0x00000000c0000000,0x00000000c3e87bb8,0x00000000c5f80000)
 Metaspace       used 74445K, committed 75712K, reserved 1179648K
  class space    used 7911K, committed 8448K, reserved 1048576K
}
Event: 154.850 GC heap before
{Heap before GC invocations=51 (full 5):
 PSYoungGen      total 17920K, used 17408K [0x00000000eab00000, 0x00000000ebf00000, 0x0000000100000000)
  eden space 17408K, 100% used [0x00000000eab00000,0x00000000ebc00000,0x00000000ebc00000)
  from space 512K, 0% used [0x00000000ebc80000,0x00000000ebc80000,0x00000000ebd00000)
  to   space 1536K, 0% used [0x00000000ebd80000,0x00000000ebd80000,0x00000000ebf00000)
 ParOldGen       total 109056K, used 101369K [0x00000000c0000000, 0x00000000c6a80000, 0x00000000eab00000)
  object space 109056K, 92% used [0x00000000c0000000,0x00000000c62fe708,0x00000000c6a80000)
 Metaspace       used 74535K, committed 75904K, reserved 1179648K
  class space    used 7916K, committed 8512K, reserved 1048576K
}
Event: 155.155 GC heap after
{Heap after GC invocations=51 (full 5):
 PSYoungGen      total 18944K, used 0K [0x00000000eab00000, 0x00000000ebf00000, 0x0000000100000000)
  eden space 17408K, 0% used [0x00000000eab00000,0x00000000eab00000,0x00000000ebc00000)
  from space 1536K, 0% used [0x00000000ebd80000,0x00000000ebd80000,0x00000000ebf00000)
  to   space 1536K, 0% used [0x00000000ebc00000,0x00000000ebc00000,0x00000000ebd80000)
 ParOldGen       total 105472K, used 72297K [0x00000000c0000000, 0x00000000c6700000, 0x00000000eab00000)
  object space 105472K, 68% used [0x00000000c0000000,0x00000000c469a638,0x00000000c6700000)
 Metaspace       used 74535K, committed 75904K, reserved 1179648K
  class space    used 7916K, committed 8512K, reserved 1048576K
}
Event: 155.647 GC heap before
{Heap before GC invocations=52 (full 5):
 PSYoungGen      total 18944K, used 17408K [0x00000000eab00000, 0x00000000ebf00000, 0x0000000100000000)
  eden space 17408K, 100% used [0x00000000eab00000,0x00000000ebc00000,0x00000000ebc00000)
  from space 1536K, 0% used [0x00000000ebd80000,0x00000000ebd80000,0x00000000ebf00000)
  to   space 1536K, 0% used [0x00000000ebc00000,0x00000000ebc00000,0x00000000ebd80000)
 ParOldGen       total 105472K, used 72297K [0x00000000c0000000, 0x00000000c6700000, 0x00000000eab00000)
  object space 105472K, 68% used [0x00000000c0000000,0x00000000c469a638,0x00000000c6700000)
 Metaspace       used 74795K, committed 76096K, reserved 1179648K
  class space    used 7942K, committed 8512K, reserved 1048576K
}
Event: 155.680 GC heap after
{Heap after GC invocations=52 (full 5):
 PSYoungGen      total 18944K, used 1536K [0x00000000eab00000, 0x00000000ed200000, 0x0000000100000000)
  eden space 17408K, 0% used [0x00000000eab00000,0x00000000eab00000,0x00000000ebc00000)
  from space 1536K, 100% used [0x00000000ebc00000,0x00000000ebd80000,0x00000000ebd80000)
  to   space 11264K, 0% used [0x00000000ec700000,0x00000000ec700000,0x00000000ed200000)
 ParOldGen       total 105472K, used 80132K [0x00000000c0000000, 0x00000000c6700000, 0x00000000eab00000)
  object space 105472K, 75% used [0x00000000c0000000,0x00000000c4e41168,0x00000000c6700000)
 Metaspace       used 74795K, committed 76096K, reserved 1179648K
  class space    used 7942K, committed 8512K, reserved 1048576K
}
Event: 155.846 GC heap before
{Heap before GC invocations=53 (full 5):
 PSYoungGen      total 18944K, used 18944K [0x00000000eab00000, 0x00000000ed200000, 0x0000000100000000)
  eden space 17408K, 100% used [0x00000000eab00000,0x00000000ebc00000,0x00000000ebc00000)
  from space 1536K, 100% used [0x00000000ebc00000,0x00000000ebd80000,0x00000000ebd80000)
  to   space 11264K, 0% used [0x00000000ec700000,0x00000000ec700000,0x00000000ed200000)
 ParOldGen       total 105472K, used 80132K [0x00000000c0000000, 0x00000000c6700000, 0x00000000eab00000)
  object space 105472K, 75% used [0x00000000c0000000,0x00000000c4e41168,0x00000000c6700000)
 Metaspace       used 74819K, committed 76160K, reserved 1179648K
  class space    used 7946K, committed 8512K, reserved 1048576K
}
Event: 155.897 GC heap after
{Heap after GC invocations=53 (full 5):
 PSYoungGen      total 23552K, used 11264K [0x00000000eab00000, 0x00000000edd80000, 0x0000000100000000)
  eden space 12288K, 0% used [0x00000000eab00000,0x00000000eab00000,0x00000000eb700000)
  from space 11264K, 100% used [0x00000000ec700000,0x00000000ed200000,0x00000000ed200000)
  to   space 16384K, 0% used [0x00000000eb700000,0x00000000eb700000,0x00000000ec700000)
 ParOldGen       total 105472K, used 83508K [0x00000000c0000000, 0x00000000c6700000, 0x00000000eab00000)
  object space 105472K, 79% used [0x00000000c0000000,0x00000000c518d168,0x00000000c6700000)
 Metaspace       used 74819K, committed 76160K, reserved 1179648K
  class space    used 7946K, committed 8512K, reserved 1048576K
}
Event: 156.083 GC heap before
{Heap before GC invocations=54 (full 5):
 PSYoungGen      total 23552K, used 23552K [0x00000000eab00000, 0x00000000edd80000, 0x0000000100000000)
  eden space 12288K, 100% used [0x00000000eab00000,0x00000000eb700000,0x00000000eb700000)
  from space 11264K, 100% used [0x00000000ec700000,0x00000000ed200000,0x00000000ed200000)
  to   space 16384K, 0% used [0x00000000eb700000,0x00000000eb700000,0x00000000ec700000)
 ParOldGen       total 105472K, used 83508K [0x00000000c0000000, 0x00000000c6700000, 0x00000000eab00000)
  object space 105472K, 79% used [0x00000000c0000000,0x00000000c518d168,0x00000000c6700000)
 Metaspace       used 74870K, committed 76160K, reserved 1179648K
  class space    used 7955K, committed 8512K, reserved 1048576K
}

