# JRE version: OpenJDK Runtime Environment Temurin-17.0.9+9 (17.0.9+9) (build 17.0.9+9)
# Java VM: OpenJDK 64-Bit Server VM Temurin-17.0.9+9 (17.0.9+9, mixed mode, tiered, compressed oops, compressed class ptrs, parallel gc, windows-amd64)
GC Precious Log:
 CPUs: 2 total, 2 available
 Memory: 4062M
 Large Page Support: Disabled
 NUMA Support: Disabled
 Compressed Oops: Enabled (32-bit)
 Alignments: Space 512K, Generation 512K, Heap 2M
 Heap Min Capacity: 100M
 Heap Initial Capacity: 100M
 Heap Max Capacity: 1G
 Pre-touch: Disabled
 Parallel Workers: 2
Heap:
 PSYoungGen      total 9728K, used 9687K [0x00000000eab00000, 0x00000000eb880000, 0x0000000100000000)
  eden space 6656K, 99% used [0x00000000eab00000,0x00000000eb17fff8,0x00000000eb180000)
  from space 3072K, 98% used [0x00000000eb180000,0x00000000eb475fa0,0x00000000eb480000)
  to   space 3584K, 89% used [0x00000000eb500000,0x00000000eb81da90,0x00000000eb880000)
 ParOldGen       total 699392K, used 149370K [0x00000000c0000000, 0x00000000eab00000, 0x00000000eab00000)
  object space 699392K, 21% used [0x00000000c0000000,0x00000000c91de938,0x00000000eab00000)
 Metaspace       used 103259K, committed 104768K, reserved 1179648K
  class space    used 10358K, committed 11008K, reserved 1048576K
GC Heap History (20 events):
Event: 11936.215 GC heap after
{Heap after GC invocations=5387 (full 133):
 PSYoungGen      total 11264K, used 1459K [0x00000000eab00000, 0x00000000eb800000, 0x0000000100000000)
  eden space 9216K, 0% used [0x00000000eab00000,0x00000000eab00000,0x00000000eb400000)
  from space 2048K, 71% used [0x00000000eb600000,0x00000000eb76cd30,0x00000000eb800000)
  to   space 2048K, 0% used [0x00000000eb400000,0x00000000eb400000,0x00000000eb600000)
 ParOldGen       total 183808K, used 146820K [0x00000000c0000000, 0x00000000cb380000, 0x00000000eab00000)
  object space 183808K, 79% used [0x00000000c0000000,0x00000000c8f612f8,0x00000000cb380000)
 Metaspace       used 103259K, committed 104768K, reserved 1179648K
  class space    used 10358K, committed 11008K, reserved 1048576K
}
Event: 11936.674 GC heap before
{Heap before GC invocations=5388 (full 133):
 PSYoungGen      total 11264K, used 10675K [0x00000000eab00000, 0x00000000eb800000, 0x0000000100000000)
  eden space 9216K, 100% used [0x00000000eab00000,0x00000000eb400000,0x00000000eb400000)
  from space 2048K, 71% used [0x00000000eb600000,0x00000000eb76cd30,0x00000000eb800000)
  to   space 2048K, 0% used [0x00000000eb400000,0x00000000eb400000,0x00000000eb600000)
 ParOldGen       total 183808K, used 146820K [0x00000000c0000000, 0x00000000cb380000, 0x00000000eab00000)
  object space 183808K, 79% used [0x00000000c0000000,0x00000000c8f612f8,0x00000000cb380000)
 Metaspace       used 103259K, committed 104768K, reserved 1179648K
  class space    used 10358K, committed 11008K, reserved 1048576K
}
Event: 11936.682 GC heap after
{Heap after GC invocations=5388 (full 133):
 PSYoungGen      total 11264K, used 2025K [0x00000000eab00000, 0x00000000eb900000, 0x0000000100000000)
  eden space 9216K, 0% used [0x00000000eab00000,0x00000000eab00000,0x00000000eb400000)
  from space 2048K, 98% used [0x00000000eb400000,0x00000000eb5fa420,0x00000000eb600000)
  to   space 2560K, 0% used [0x00000000eb680000,0x00000000eb680000,0x00000000eb900000)
 ParOldGen       total 183808K, used 146820K [0x00000000c0000000, 0x00000000cb380000, 0x00000000eab00000)
  object space 183808K, 79% used [0x00000000c0000000,0x00000000c8f612f8,0x00000000cb380000)
 Metaspace       used 103259K, committed 104768K, reserved 1179648K
  class space    used 10358K, committed 11008K, reserved 1048576K
}
Event: 11937.170 GC heap before
{Heap before GC invocations=5389 (full 133):
 PSYoungGen      total 11264K, used 11241K [0x00000000eab00000, 0x00000000eb900000, 0x0000000100000000)
  eden space 9216K, 100% used [0x00000000eab00000,0x00000000eb400000,0x00000000eb400000)
  from space 2048K, 98% used [0x00000000eb400000,0x00000000eb5fa420,0x00000000eb600000)
  to   space 2560K, 0% used [0x00000000eb680000,0x00000000eb680000,0x00000000eb900000)
 ParOldGen       total 183808K, used 146820K [0x00000000c0000000, 0x00000000cb380000, 0x00000000eab00000)
  object space 183808K, 79% used [0x00000000c0000000,0x00000000c8f612f8,0x00000000cb380000)
 Metaspace       used 103259K, committed 104768K, reserved 1179648K
  class space    used 10358K, committed 11008K, reserved 1048576K
}
Event: 11937.180 GC heap after
{Heap after GC invocations=5389 (full 133):
 PSYoungGen      total 10240K, used 2535K [0x00000000eab00000, 0x00000000ebc00000, 0x0000000100000000)
  eden space 7680K, 0% used [0x00000000eab00000,0x00000000eab00000,0x00000000eb280000)
  from space 2560K, 99% used [0x00000000eb680000,0x00000000eb8f9f50,0x00000000eb900000)
  to   space 4096K, 0% used [0x00000000eb280000,0x00000000eb280000,0x00000000eb680000)
 ParOldGen       total 183808K, used 147681K [0x00000000c0000000, 0x00000000cb380000, 0x00000000eab00000)
  object space 183808K, 80% used [0x00000000c0000000,0x00000000c90384f8,0x00000000cb380000)
 Metaspace       used 103259K, committed 104768K, reserved 1179648K
  class space    used 10358K, committed 11008K, reserved 1048576K
}
Event: 11937.920 GC heap before
{Heap before GC invocations=5390 (full 133):
 PSYoungGen      total 10240K, used 10215K [0x00000000eab00000, 0x00000000ebc00000, 0x0000000100000000)
  eden space 7680K, 100% used [0x00000000eab00000,0x00000000eb280000,0x00000000eb280000)
  from space 2560K, 99% used [0x00000000eb680000,0x00000000eb8f9f50,0x00000000eb900000)
  to   space 4096K, 0% used [0x00000000eb280000,0x00000000eb280000,0x00000000eb680000)
 ParOldGen       total 183808K, used 147681K [0x00000000c0000000, 0x00000000cb380000, 0x00000000eab00000)
  object space 183808K, 80% used [0x00000000c0000000,0x00000000c90384f8,0x00000000cb380000)
 Metaspace       used 103259K, committed 104768K, reserved 1179648K
  class space    used 10358K, committed 11008K, reserved 1048576K
}
Event: 11937.927 GC heap after
{Heap after GC invocations=5390 (full 133):
 PSYoungGen      total 10240K, used 2167K [0x00000000eab00000, 0x00000000eb880000, 0x0000000100000000)
  eden space 7680K, 0% used [0x00000000eab00000,0x00000000eab00000,0x00000000eb280000)
  from space 2560K, 84% used [0x00000000eb280000,0x00000000eb49df60,0x00000000eb500000)
  to   space 3072K, 0% used [0x00000000eb580000,0x00000000eb580000,0x00000000eb880000)
 ParOldGen       total 183808K, used 147697K [0x00000000c0000000, 0x00000000cb380000, 0x00000000eab00000)
  object space 183808K, 80% used [0x00000000c0000000,0x00000000c903c4f8,0x00000000cb380000)
 Metaspace       used 103259K, committed 104768K, reserved 1179648K
  class space    used 10358K, committed 11008K, reserved 1048576K
}
Event: 11938.451 GC heap before
{Heap before GC invocations=5391 (full 133):
 PSYoungGen      total 10240K, used 9847K [0x00000000eab00000, 0x00000000eb880000, 0x0000000100000000)
  eden space 7680K, 100% used [0x00000000eab00000,0x00000000eb280000,0x00000000eb280000)
  from space 2560K, 84% used [0x00000000eb280000,0x00000000eb49df60,0x00000000eb500000)
  to   space 3072K, 0% used [0x00000000eb580000,0x00000000eb580000,0x00000000eb880000)
 ParOldGen       total 183808K, used 147697K [0x00000000c0000000, 0x00000000cb380000, 0x00000000eab00000)
  object space 183808K, 80% used [0x00000000c0000000,0x00000000c903c4f8,0x00000000cb380000)
 Metaspace       used 103259K, committed 104768K, reserved 1179648K
  class space    used 10358K, committed 11008K, reserved 1048576K
}
Event: 11938.463 GC heap after
{Heap after GC invocations=5391 (full 133):
 PSYoungGen      total 10240K, used 3046K [0x00000000eab00000, 0x00000000eb980000, 0x0000000100000000)
  eden space 7168K, 0% used [0x00000000eab00000,0x00000000eab00000,0x00000000eb200000)
  from space 3072K, 99% used [0x00000000eb580000,0x00000000eb879aa0,0x00000000eb880000)
  to   space 3584K, 0% used [0x00000000eb200000,0x00000000eb200000,0x00000000eb580000)
 ParOldGen       total 183808K, used 147865K [0x00000000c0000000, 0x00000000cb380000, 0x00000000eab00000)
  object space 183808K, 80% used [0x00000000c0000000,0x00000000c90664f8,0x00000000cb380000)
 Metaspace       used 103259K, committed 104768K, reserved 1179648K
  class space    used 10358K, committed 11008K, reserved 1048576K
}
Event: 11938.506 GC heap before
{Heap before GC invocations=5392 (full 133):
 PSYoungGen      total 10240K, used 10214K [0x00000000eab00000, 0x00000000eb980000, 0x0000000100000000)
  eden space 7168K, 100% used [0x00000000eab00000,0x00000000eb200000,0x00000000eb200000)
  from space 3072K, 99% used [0x00000000eb580000,0x00000000eb879aa0,0x00000000eb880000)
  to   space 3584K, 0% used [0x00000000eb200000,0x00000000eb200000,0x00000000eb580000)
 ParOldGen       total 183808K, used 147865K [0x00000000c0000000, 0x00000000cb380000, 0x00000000eab00000)
  object space 183808K, 80% used [0x00000000c0000000,0x00000000c90664f8,0x00000000cb380000)
 Metaspace       used 103259K, committed 104768K, reserved 1179648K
  class space    used 10358K, committed 11008K, reserved 1048576K
}
Event: 11938.516 GC heap after
{Heap after GC invocations=5392 (full 133):
 PSYoungGen      total 10240K, used 2871K [0x00000000eab00000, 0x00000000eb800000, 0x0000000100000000)
  eden space 7168K, 0% used [0x00000000eab00000,0x00000000eab00000,0x00000000eb200000)
  from space 3072K, 93% used [0x00000000eb200000,0x00000000eb4cdf80,0x00000000eb500000)
  to   space 3072K, 0% used [0x00000000eb500000,0x00000000eb500000,0x00000000eb800000)
 ParOldGen       total 183808K, used 148461K [0x00000000c0000000, 0x00000000cb380000, 0x00000000eab00000)
  object space 183808K, 80% used [0x00000000c0000000,0x00000000c90fb6f8,0x00000000cb380000)
 Metaspace       used 103259K, committed 104768K, reserved 1179648K
  class space    used 10358K, committed 11008K, reserved 1048576K
}
Event: 11939.458 GC heap before
{Heap before GC invocations=5393 (full 133):
 PSYoungGen      total 10240K, used 10039K [0x00000000eab00000, 0x00000000eb800000, 0x0000000100000000)
  eden space 7168K, 100% used [0x00000000eab00000,0x00000000eb200000,0x00000000eb200000)
  from space 3072K, 93% used [0x00000000eb200000,0x00000000eb4cdf80,0x00000000eb500000)
  to   space 3072K, 0% used [0x00000000eb500000,0x00000000eb500000,0x00000000eb800000)
 ParOldGen       total 183808K, used 148461K [0x00000000c0000000, 0x00000000cb380000, 0x00000000eab00000)
  object space 183808K, 80% used [0x00000000c0000000,0x00000000c90fb6f8,0x00000000cb380000)
 Metaspace       used 103259K, committed 104768K, reserved 1179648K
  class space    used 10358K, committed 11008K, reserved 1048576K
}
Event: 11939.467 GC heap after
{Heap after GC invocations=5393 (full 133):
 PSYoungGen      total 9728K, used 3068K [0x00000000eab00000, 0x00000000eb900000, 0x0000000100000000)
  eden space 6656K, 0% used [0x00000000eab00000,0x00000000eab00000,0x00000000eb180000)
  from space 3072K, 99% used [0x00000000eb500000,0x00000000eb7ff190,0x00000000eb800000)
  to   space 3584K, 0% used [0x00000000eb180000,0x00000000eb180000,0x00000000eb500000)
 ParOldGen       total 183808K, used 148589K [0x00000000c0000000, 0x00000000cb380000, 0x00000000eab00000)
  object space 183808K, 80% used [0x00000000c0000000,0x00000000c911b6f8,0x00000000cb380000)
 Metaspace       used 103259K, committed 104768K, reserved 1179648K
  class space    used 10358K, committed 11008K, reserved 1048576K
}
Event: 11939.532 GC heap before
{Heap before GC invocations=5394 (full 133):
 PSYoungGen      total 9728K, used 9724K [0x00000000eab00000, 0x00000000eb900000, 0x0000000100000000)
  eden space 6656K, 100% used [0x00000000eab00000,0x00000000eb180000,0x00000000eb180000)
  from space 3072K, 99% used [0x00000000eb500000,0x00000000eb7ff190,0x00000000eb800000)
  to   space 3584K, 0% used [0x00000000eb180000,0x00000000eb180000,0x00000000eb500000)
 ParOldGen       total 183808K, used 148589K [0x00000000c0000000, 0x00000000cb380000, 0x00000000eab00000)
  object space 183808K, 80% used [0x00000000c0000000,0x00000000c911b6f8,0x00000000cb380000)
 Metaspace       used 103259K, committed 104768K, reserved 1179648K
  class space    used 10358K, committed 11008K, reserved 1048576K
}
Event: 11939.541 GC heap after
{Heap after GC invocations=5394 (full 133):
 PSYoungGen      total 9728K, used 2647K [0x00000000eab00000, 0x00000000eb780000, 0x0000000100000000)
  eden space 6656K, 0% used [0x00000000eab00000,0x00000000eab00000,0x00000000eb180000)
  from space 3072K, 86% used [0x00000000eb180000,0x00000000eb415fa0,0x00000000eb480000)
  to   space 3072K, 0% used [0x00000000eb480000,0x00000000eb480000,0x00000000eb780000)
 ParOldGen       total 183808K, used 149354K [0x00000000c0000000, 0x00000000cb380000, 0x00000000eab00000)
  object space 183808K, 81% used [0x00000000c0000000,0x00000000c91da938,0x00000000cb380000)
 Metaspace       used 103259K, committed 104768K, reserved 1179648K
  class space    used 10358K, committed 11008K, reserved 1048576K
}
Event: 11940.050 GC heap before
{Heap before GC invocations=5395 (full 133):
 PSYoungGen      total 9728K, used 9303K [0x00000000eab00000, 0x00000000eb780000, 0x0000000100000000)
  eden space 6656K, 100% used [0x00000000eab00000,0x00000000eb180000,0x00000000eb180000)
  from space 3072K, 86% used [0x00000000eb180000,0x00000000eb415fa0,0x00000000eb480000)
  to   space 3072K, 0% used [0x00000000eb480000,0x00000000eb480000,0x00000000eb780000)
 ParOldGen       total 183808K, used 149354K [0x00000000c0000000, 0x00000000cb380000, 0x00000000eab00000)
  object space 183808K, 81% used [0x00000000c0000000,0x00000000c91da938,0x00000000cb380000)
 Metaspace       used 103259K, committed 104768K, reserved 1179648K
  class space    used 10358K, committed 11008K, reserved 1048576K
}
Event: 11940.062 GC heap after
{Heap after GC invocations=5395 (full 133):
 PSYoungGen      total 9728K, used 2823K [0x00000000eab00000, 0x00000000eb780000, 0x0000000100000000)
  eden space 6656K, 0% used [0x00000000eab00000,0x00000000eab00000,0x00000000eb180000)
  from space 3072K, 91% used [0x00000000eb480000,0x00000000eb741fb0,0x00000000eb780000)
  to   space 3072K, 0% used [0x00000000eb180000,0x00000000eb180000,0x00000000eb480000)
 ParOldGen       total 183808K, used 149370K [0x00000000c0000000, 0x00000000cb380000, 0x00000000eab00000)
  object space 183808K, 81% used [0x00000000c0000000,0x00000000c91de938,0x00000000cb380000)
 Metaspace       used 103259K, committed 104768K, reserved 1179648K
  class space    used 10358K, committed 11008K, reserved 1048576K
}
Event: 11940.360 GC heap before
{Heap before GC invocations=5396 (full 133):
 PSYoungGen      total 9728K, used 9479K [0x00000000eab00000, 0x00000000eb780000, 0x0000000100000000)
  eden space 6656K, 100% used [0x00000000eab00000,0x00000000eb180000,0x00000000eb180000)
  from space 3072K, 91% used [0x00000000eb480000,0x00000000eb741fb0,0x00000000eb780000)
  to   space 3072K, 0% used [0x00000000eb180000,0x00000000eb180000,0x00000000eb480000)
 ParOldGen       total 183808K, used 149370K [0x00000000c0000000, 0x00000000cb380000, 0x00000000eab00000)
  object space 183808K, 81% used [0x00000000c0000000,0x00000000c91de938,0x00000000cb380000)
 Metaspace       used 103259K, committed 104768K, reserved 1179648K
  class space    used 10358K, committed 11008K, reserved 1048576K
}
Event: 11940.369 GC heap after
{Heap after GC invocations=5396 (full 133):
 PSYoungGen      total 9728K, used 3031K [0x00000000eab00000, 0x00000000eb880000, 0x0000000100000000)
  eden space 6656K, 0% used [0x00000000eab00000,0x00000000eab00000,0x00000000eb180000)
  from space 3072K, 98% used [0x00000000eb180000,0x00000000eb475fa0,0x00000000eb480000)
  to   space 3584K, 0% used [0x00000000eb500000,0x00000000eb500000,0x00000000eb880000)
 ParOldGen       total 183808K, used 149370K [0x00000000c0000000, 0x00000000cb380000, 0x00000000eab00000)
  object space 183808K, 81% used [0x00000000c0000000,0x00000000c91de938,0x00000000cb380000)
 Metaspace       used 103259K, committed 104768K, reserved 1179648K
  class space    used 10358K, committed 11008K, reserved 1048576K
}
Event: 11940.711 GC heap before
{Heap before GC invocations=5397 (full 133):
 PSYoungGen      total 9728K, used 9687K [0x00000000eab00000, 0x00000000eb880000, 0x0000000100000000)
  eden space 6656K, 99% used [0x00000000eab00000,0x00000000eb17fff8,0x00000000eb180000)
  from space 3072K, 98% used [0x00000000eb180000,0x00000000eb475fa0,0x00000000eb480000)
  to   space 3584K, 0% used [0x00000000eb500000,0x00000000eb500000,0x00000000eb880000)
 ParOldGen       total 183808K, used 149370K [0x00000000c0000000, 0x00000000cb380000, 0x00000000eab00000)
  object space 183808K, 81% used [0x00000000c0000000,0x00000000c91de938,0x00000000cb380000)
 Metaspace       used 103259K, committed 104768K, reserved 1179648K
  class space    used 10358K, committed 11008K, reserved 1048576K
}

