# JRE version: OpenJDK Runtime Environment Temurin-17.0.9+9 (17.0.9+9) (build 17.0.9+9)
# Java VM: OpenJDK 64-Bit Server VM Temurin-17.0.9+9 (17.0.9+9, mixed mode, emulated-client, tiered, compressed oops, compressed class ptrs, g1 gc, windows-amd64)
GC Precious Log:
 CPUs: 2 total, 2 available
 Memory: 4062M
 Large Page Support: Disabled
 NUMA Support: Disabled
 Compressed Oops: Enabled (32-bit)
 Heap Region Size: 1M
 Heap Min Capacity: 8M
 Heap Initial Capacity: 64M
 Heap Max Capacity: 1G
 Pre-touch: Disabled
 Parallel Workers: 2
 Concurrent Workers: 1
 Concurrent Refinement Workers: 2
 Periodic GC: Disabled
Heap:
 garbage-first heap   total 137216K, used 83920K [0x00000000c0000000, 0x0000000100000000)
  region size 1024K, 48 young (49152K), 5 survivors (5120K)
 Metaspace       used 69989K, committed 70592K, reserved 1114112K
  class space    used 8857K, committed 9152K, reserved 1048576K
GC Heap History (20 events):
Event: 10324.942 GC heap after
{Heap after GC invocations=124 (full 68):
 garbage-first heap   total 311296K, used 96593K [0x00000000c0000000, 0x0000000100000000)
  region size 1024K, 12 young (12288K), 12 survivors (12288K)
 Metaspace       used 70010K, committed 70464K, reserved 1114112K
  class space    used 8858K, committed 9088K, reserved 1048576K
}
Event: 10443.157 GC heap before
{Heap before GC invocations=124 (full 68):
 garbage-first heap   total 311296K, used 205137K [0x00000000c0000000, 0x0000000100000000)
  region size 1024K, 112 young (114688K), 12 survivors (12288K)
 Metaspace       used 70018K, committed 70592K, reserved 1114112K
  class space    used 8860K, committed 9152K, reserved 1048576K
}
Event: 10443.324 GC heap after
{Heap after GC invocations=125 (full 69):
 garbage-first heap   total 178176K, used 52764K [0x00000000c0000000, 0x0000000100000000)
  region size 1024K, 0 young (0K), 0 survivors (0K)
 Metaspace       used 70018K, committed 70592K, reserved 1114112K
  class space    used 8860K, committed 9152K, reserved 1048576K
}
Event: 10453.523 GC heap before
{Heap before GC invocations=125 (full 69):
 garbage-first heap   total 178176K, used 53788K [0x00000000c0000000, 0x0000000100000000)
  region size 1024K, 2 young (2048K), 0 survivors (0K)
 Metaspace       used 70020K, committed 70592K, reserved 1114112K
  class space    used 8861K, committed 9152K, reserved 1048576K
}
Event: 10453.648 GC heap after
{Heap after GC invocations=126 (full 70):
 garbage-first heap   total 140288K, used 40597K [0x00000000c0000000, 0x0000000100000000)
  region size 1024K, 0 young (0K), 0 survivors (0K)
 Metaspace       used 69984K, committed 70592K, reserved 1114112K
  class space    used 8852K, committed 9152K, reserved 1048576K
}
Event: 10463.960 GC heap before
{Heap before GC invocations=126 (full 70):
 garbage-first heap   total 140288K, used 40597K [0x00000000c0000000, 0x0000000100000000)
  region size 1024K, 1 young (1024K), 0 survivors (0K)
 Metaspace       used 69984K, committed 70592K, reserved 1114112K
  class space    used 8852K, committed 9152K, reserved 1048576K
}
Event: 10464.073 GC heap after
{Heap after GC invocations=127 (full 71):
 garbage-first heap   total 140288K, used 40570K [0x00000000c0000000, 0x0000000100000000)
  region size 1024K, 0 young (0K), 0 survivors (0K)
 Metaspace       used 69934K, committed 70592K, reserved 1114112K
  class space    used 8844K, committed 9152K, reserved 1048576K
}
Event: 10474.524 GC heap before
{Heap before GC invocations=127 (full 71):
 garbage-first heap   total 140288K, used 40570K [0x00000000c0000000, 0x0000000100000000)
  region size 1024K, 1 young (1024K), 0 survivors (0K)
 Metaspace       used 69934K, committed 70592K, reserved 1114112K
  class space    used 8844K, committed 9152K, reserved 1048576K
}
Event: 10474.623 GC heap after
{Heap after GC invocations=128 (full 72):
 garbage-first heap   total 140288K, used 40570K [0x00000000c0000000, 0x0000000100000000)
  region size 1024K, 0 young (0K), 0 survivors (0K)
 Metaspace       used 69934K, committed 70592K, reserved 1114112K
  class space    used 8844K, committed 9152K, reserved 1048576K
}
Event: 10485.456 GC heap before
{Heap before GC invocations=128 (full 72):
 garbage-first heap   total 140288K, used 40570K [0x00000000c0000000, 0x0000000100000000)
  region size 1024K, 1 young (1024K), 0 survivors (0K)
 Metaspace       used 69934K, committed 70592K, reserved 1114112K
  class space    used 8844K, committed 9152K, reserved 1048576K
}
Event: 10485.559 GC heap after
{Heap after GC invocations=129 (full 73):
 garbage-first heap   total 140288K, used 40570K [0x00000000c0000000, 0x0000000100000000)
  region size 1024K, 0 young (0K), 0 survivors (0K)
 Metaspace       used 69934K, committed 70592K, reserved 1114112K
  class space    used 8844K, committed 9152K, reserved 1048576K
}
Event: 10495.760 GC heap before
{Heap before GC invocations=129 (full 73):
 garbage-first heap   total 140288K, used 40570K [0x00000000c0000000, 0x0000000100000000)
  region size 1024K, 1 young (1024K), 0 survivors (0K)
 Metaspace       used 69934K, committed 70592K, reserved 1114112K
  class space    used 8844K, committed 9152K, reserved 1048576K
}
Event: 10495.852 GC heap after
{Heap after GC invocations=130 (full 74):
 garbage-first heap   total 140288K, used 40570K [0x00000000c0000000, 0x0000000100000000)
  region size 1024K, 0 young (0K), 0 survivors (0K)
 Metaspace       used 69934K, committed 70592K, reserved 1114112K
  class space    used 8844K, committed 9152K, reserved 1048576K
}
Event: 10554.418 GC heap before
{Heap before GC invocations=130 (full 74):
 garbage-first heap   total 140288K, used 46714K [0x00000000c0000000, 0x0000000100000000)
  region size 1024K, 8 young (8192K), 0 survivors (0K)
 Metaspace       used 69969K, committed 70592K, reserved 1114112K
  class space    used 8853K, committed 9152K, reserved 1048576K
}
Event: 10554.423 GC heap after
{Heap after GC invocations=131 (full 74):
 garbage-first heap   total 140288K, used 42106K [0x00000000c0000000, 0x0000000100000000)
  region size 1024K, 2 young (2048K), 2 survivors (2048K)
 Metaspace       used 69969K, committed 70592K, reserved 1114112K
  class space    used 8853K, committed 9152K, reserved 1048576K
}
Event: 10555.390 GC heap before
{Heap before GC invocations=132 (full 74):
 garbage-first heap   total 140288K, used 58490K [0x00000000c0000000, 0x0000000100000000)
  region size 1024K, 15 young (15360K), 2 survivors (2048K)
 Metaspace       used 69969K, committed 70592K, reserved 1114112K
  class space    used 8853K, committed 9152K, reserved 1048576K
}
Event: 10555.394 GC heap after
{Heap after GC invocations=133 (full 74):
 garbage-first heap   total 140288K, used 42215K [0x00000000c0000000, 0x0000000100000000)
  region size 1024K, 2 young (2048K), 2 survivors (2048K)
 Metaspace       used 69969K, committed 70592K, reserved 1114112K
  class space    used 8853K, committed 9152K, reserved 1048576K
}
Event: 10601.216 GC heap before
{Heap before GC invocations=134 (full 74):
 garbage-first heap   total 140288K, used 57575K [0x00000000c0000000, 0x0000000100000000)
  region size 1024K, 14 young (14336K), 2 survivors (2048K)
 Metaspace       used 69969K, committed 70592K, reserved 1114112K
  class space    used 8853K, committed 9152K, reserved 1048576K
}
Event: 10601.384 GC heap after
{Heap after GC invocations=135 (full 75):
 garbage-first heap   total 137216K, used 40640K [0x00000000c0000000, 0x0000000100000000)
  region size 1024K, 0 young (0K), 0 survivors (0K)
 Metaspace       used 69969K, committed 70592K, reserved 1114112K
  class space    used 8853K, committed 9152K, reserved 1048576K
}
Event: 10710.914 GC heap before
{Heap before GC invocations=135 (full 75):
 garbage-first heap   total 137216K, used 83648K [0x00000000c0000000, 0x0000000100000000)
  region size 1024K, 43 young (44032K), 0 survivors (0K)
 Metaspace       used 69989K, committed 70592K, reserved 1114112K
  class space    used 8857K, committed 9152K, reserved 1048576K
}

